<?xml version="1.0" encoding="UTF-8"?>
<!-- Generated by org.testng.reporters.JUnitReportReporter -->
<testsuite hostname="DESKTOP-E13VVH5" failures="0" tests="3" name="StepDefination.TestRunner" time="53.901" errors="0" timestamp="2025-09-16T15:24:22 IST" skipped="0">
  <testcase classname="StepDefination.TestRunner" name="runScenario" time="17.967"/>
  <testcase classname="StepDefination.TestRunner" name="runScenario" time="17.967"/>
  <testcase classname="StepDefination.TestRunner" name="runScenario" time="17.967"/>
</testsuite> <!-- StepDefination.TestRunner -->
