<?xml version="1.0" encoding="UTF-8"?>
<!-- Generated by org.testng.reporters.JUnitReportReporter -->
<testsuite hostname="DESKTOP-E13VVH5" failures="0" tests="3" name="StepDefination.TestRunner" time="54.993" errors="0" timestamp="2025-09-16T19:21:49 IST" skipped="0">
  <testcase classname="StepDefination.TestRunner" name="runScenario" time="18.343"/>
  <testcase classname="StepDefination.TestRunner" name="runScenario" time="18.325"/>
  <testcase classname="StepDefination.TestRunner" name="runScenario" time="18.325"/>
</testsuite> <!-- StepDefination.TestRunner -->
